<?xml version="1.0" encoding="UTF-8"?>
<!-- Generated by org.testng.reporters.JUnitReportReporter -->
<testsuite hostname="DESKTOP-T6L47BI" failures="0" tests="25" name="dev_functions.AAA_testClass_delete" time="3.964" errors="1" timestamp="2024-11-19T16:14:44 IST" skipped="23">
  <testcase classname="dev_functions.AAA_testClass_delete" name="deleteFireStation" time="3.948">
    <skipped/>
  </testcase> <!-- deleteFireStation -->
  <testcase classname="dev_functions.AAA_testClass_delete" name="userDetails" time="0.006">
    <system-out>
      <![CDATA[ 
live department user # bhupesh.dept_dev@atpl.in # log in sucessfully
 ]]>
    </system-out>
  </testcase> <!-- userDetails -->
  <testcase classname="dev_functions.AAA_testClass_delete" name="backToHomePage2" time="0.008">
    <error message="no such window: target window already closed
from unknown error: web view not found
  (Session info: chrome=131.0.6778.70)
Build info: version: &#039;4.17.0&#039;, revision: &#039;e52b1be057*&#039;
System info: os.name: &#039;Windows 11&#039;, os.arch: &#039;amd64&#039;, os.version: &#039;10.0&#039;, java.version: &#039;17.0.9&#039;
Driver info: org.openqa.selenium.chrome.ChromeDriver
Command: [7231cdfc0446ffcc5ff39c6e3167a3af, findElement {using=xpath, value=//img[@src=&quot;/img/logoicon.png&quot;]}]
Capabilities {acceptInsecureCerts: false, browserName: chrome, browserVersion: 131.0.6778.70, chrome: {chromedriverVersion: 131.0.6778.69 (77e2244bbcda..., userDataDir: C:\Users\BHUPESH\AppData\Lo...}, fedcm:accounts: true, goog:chromeOptions: {debuggerAddress: localhost:62694}, networkConnectionEnabled: false, pageLoadStrategy: normal, platformName: windows, proxy: Proxy(), se:cdp: ws://localhost:62694/devtoo..., se:cdpVersion: 131.0.6778.70, setWindowRect: true, strictFileInteractability: false, timeouts: {implicit: 0, pageLoad: 300000, script: 30000}, unhandledPromptBehavior: dismiss and notify, webauthn:extension:credBlob: true, webauthn:extension:largeBlob: true, webauthn:extension:minPinLength: true, webauthn:extension:prf: true, webauthn:virtualAuthenticators: true}
Session ID: 7231cdfc0446ffcc5ff39c6e3167a3af" type="org.openqa.selenium.NoSuchWindowException">
      <![CDATA[org.openqa.selenium.NoSuchWindowException: no such window: target window already closed
from unknown error: web view not found
  (Session info: chrome=131.0.6778.70)
Build info: version: '4.17.0', revision: 'e52b1be057*'
System info: os.name: 'Windows 11', os.arch: 'amd64', os.version: '10.0', java.version: '17.0.9'
Driver info: org.openqa.selenium.chrome.ChromeDriver
Command: [7231cdfc0446ffcc5ff39c6e3167a3af, findElement {using=xpath, value=//img[@src="/img/logoicon.png"]}]
Capabilities {acceptInsecureCerts: false, browserName: chrome, browserVersion: 131.0.6778.70, chrome: {chromedriverVersion: 131.0.6778.69 (77e2244bbcda..., userDataDir: C:\Users\BHUPESH\AppData\Lo...}, fedcm:accounts: true, goog:chromeOptions: {debuggerAddress: localhost:62694}, networkConnectionEnabled: false, pageLoadStrategy: normal, platformName: windows, proxy: Proxy(), se:cdp: ws://localhost:62694/devtoo..., se:cdpVersion: 131.0.6778.70, setWindowRect: true, strictFileInteractability: false, timeouts: {implicit: 0, pageLoad: 300000, script: 30000}, unhandledPromptBehavior: dismiss and notify, webauthn:extension:credBlob: true, webauthn:extension:largeBlob: true, webauthn:extension:minPinLength: true, webauthn:extension:prf: true, webauthn:virtualAuthenticators: true}
Session ID: 7231cdfc0446ffcc5ff39c6e3167a3af
at java.base/jdk.internal.reflect.NativeConstructorAccessorImpl.newInstance0(Native Method)
at java.base/jdk.internal.reflect.NativeConstructorAccessorImpl.newInstance(NativeConstructorAccessorImpl.java:77)
at java.base/jdk.internal.reflect.DelegatingConstructorAccessorImpl.newInstance(DelegatingConstructorAccessorImpl.java:45)
at java.base/java.lang.reflect.Constructor.newInstanceWithCaller(Constructor.java:499)
at java.base/java.lang.reflect.Constructor.newInstance(Constructor.java:480)
at org.openqa.selenium.remote.codec.w3c.W3CHttpResponseCodec.createException(W3CHttpResponseCodec.java:185)
at org.openqa.selenium.remote.codec.w3c.W3CHttpResponseCodec.decode(W3CHttpResponseCodec.java:134)
at org.openqa.selenium.remote.codec.w3c.W3CHttpResponseCodec.decode(W3CHttpResponseCodec.java:51)
at org.openqa.selenium.remote.HttpCommandExecutor.execute(HttpCommandExecutor.java:190)
at org.openqa.selenium.remote.service.DriverCommandExecutor.invokeExecute(DriverCommandExecutor.java:216)
at org.openqa.selenium.remote.service.DriverCommandExecutor.execute(DriverCommandExecutor.java:174)
at org.openqa.selenium.remote.RemoteWebDriver.execute(RemoteWebDriver.java:519)
at org.openqa.selenium.remote.ElementLocation$ElementFinder$2.findElement(ElementLocation.java:165)
at org.openqa.selenium.remote.ElementLocation.findElement(ElementLocation.java:59)
at org.openqa.selenium.remote.RemoteWebDriver.findElement(RemoteWebDriver.java:356)
at org.openqa.selenium.remote.RemoteWebDriver.findElement(RemoteWebDriver.java:350)
at org.openqa.selenium.support.pagefactory.DefaultElementLocator.findElement(DefaultElementLocator.java:68)
at org.openqa.selenium.support.pagefactory.internal.LocatingElementHandler.invoke(LocatingElementHandler.java:38)
at jdk.proxy2/jdk.proxy2.$Proxy14.click(Unknown Source)
at dev_functions.D_homePage.backToHomePage(D_homePage.java:35)
at dev_functions.AAA_testClass_delete.backToHomePage2(AAA_testClass_delete.java:464)
at java.base/jdk.internal.reflect.NativeMethodAccessorImpl.invoke0(Native Method)
at java.base/jdk.internal.reflect.NativeMethodAccessorImpl.invoke(NativeMethodAccessorImpl.java:77)
at java.base/jdk.internal.reflect.DelegatingMethodAccessorImpl.invoke(DelegatingMethodAccessorImpl.java:43)
at java.base/java.lang.reflect.Method.invoke(Method.java:568)
at org.testng.internal.invokers.MethodInvocationHelper.invokeMethod(MethodInvocationHelper.java:139)
at org.testng.internal.invokers.MethodInvocationHelper.invokeMethodConsideringTimeout(MethodInvocationHelper.java:69)
at org.testng.internal.invokers.ConfigInvoker.invokeConfigurationMethod(ConfigInvoker.java:393)
at org.testng.internal.invokers.ConfigInvoker.invokeConfigurations(ConfigInvoker.java:326)
at org.testng.internal.invokers.TestInvoker.runConfigMethods(TestInvoker.java:810)
at org.testng.internal.invokers.TestInvoker.runAfterConfigurations(TestInvoker.java:779)
at org.testng.internal.invokers.TestInvoker.invokeMethod(TestInvoker.java:755)
at org.testng.internal.invokers.TestInvoker.invokeTestMethod(TestInvoker.java:228)
at org.testng.internal.invokers.MethodRunner.runInSequence(MethodRunner.java:63)
at org.testng.internal.invokers.TestInvoker$MethodInvocationAgent.invoke(TestInvoker.java:961)
at org.testng.internal.invokers.TestInvoker.invokeTestMethods(TestInvoker.java:201)
at org.testng.internal.invokers.TestMethodWorker.invokeTestMethods(TestMethodWorker.java:148)
at org.testng.internal.invokers.TestMethodWorker.run(TestMethodWorker.java:128)
at java.base/java.util.ArrayList.forEach(ArrayList.java:1511)
at org.testng.TestRunner.privateRun(TestRunner.java:819)
at org.testng.TestRunner.run(TestRunner.java:619)
at org.testng.SuiteRunner.runTest(SuiteRunner.java:443)
at org.testng.SuiteRunner.runSequentially(SuiteRunner.java:437)
at org.testng.SuiteRunner.privateRun(SuiteRunner.java:397)
at org.testng.SuiteRunner.run(SuiteRunner.java:336)
at org.testng.SuiteRunnerWorker.runSuite(SuiteRunnerWorker.java:52)
at org.testng.SuiteRunnerWorker.run(SuiteRunnerWorker.java:95)
at org.testng.TestNG.runSuitesSequentially(TestNG.java:1301)
at org.testng.TestNG.runSuitesLocally(TestNG.java:1228)
at org.testng.TestNG.runSuites(TestNG.java:1134)
at org.testng.TestNG.run(TestNG.java:1101)
at org.testng.remote.AbstractRemoteTestNG.run(AbstractRemoteTestNG.java:115)
at org.testng.remote.RemoteTestNG.initAndRun(RemoteTestNG.java:251)
at org.testng.remote.RemoteTestNG.main(RemoteTestNG.java:77)
]]>
    </error>
  </testcase> <!-- backToHomePage2 -->
  <testcase classname="dev_functions.AAA_testClass_delete" name="delteInfoEvent" time="0.000">
    <skipped/>
  </testcase> <!-- delteInfoEvent -->
  <testcase classname="dev_functions.AAA_testClass_delete" name="deleteARFromHistory" time="0.000">
    <skipped/>
  </testcase> <!-- deleteARFromHistory -->
  <testcase classname="dev_functions.AAA_testClass_delete" name="deleteChatGroup" time="0.001">
    <skipped/>
  </testcase> <!-- deleteChatGroup -->
  <testcase classname="dev_functions.AAA_testClass_delete" name="deactiveManualAlarm" time="0.000">
    <skipped/>
  </testcase> <!-- deactiveManualAlarm -->
  <testcase classname="dev_functions.AAA_testClass_delete" name="deleteManualAlarm" time="0.000">
    <skipped/>
  </testcase> <!-- deleteManualAlarm -->
  <testcase classname="dev_functions.AAA_testClass_delete" name="deleteARFromList" time="0.000">
    <skipped/>
  </testcase> <!-- deleteARFromList -->
  <testcase classname="dev_functions.AAA_testClass_delete" name="deleteAttribute" time="0.000">
    <skipped/>
  </testcase> <!-- deleteAttribute -->
  <testcase classname="dev_functions.AAA_testClass_delete" name="deactiveTestAlarmFromOverview" time="0.000">
    <skipped/>
  </testcase> <!-- deactiveTestAlarmFromOverview -->
  <testcase classname="dev_functions.AAA_testClass_delete" name="deleteUers" time="0.000">
    <skipped/>
  </testcase> <!-- deleteUers -->
  <testcase classname="dev_functions.AAA_testClass_delete" name="deleteEventCategory" time="0.000">
    <skipped/>
  </testcase> <!-- deleteEventCategory -->
  <testcase classname="dev_functions.AAA_testClass_delete" name="detailsAboutScript" time="0.000">
    <skipped/>
  </testcase> <!-- detailsAboutScript -->
  <testcase classname="dev_functions.AAA_testClass_delete" name="deleteCalendarEventCreatedByFirefighter" time="0.000">
    <skipped/>
  </testcase> <!-- deleteCalendarEventCreatedByFirefighter -->
  <testcase classname="dev_functions.AAA_testClass_delete" name="deleteCheckList" time="0.000">
    <skipped/>
  </testcase> <!-- deleteCheckList -->
  <testcase classname="dev_functions.AAA_testClass_delete" name="deleteAlarmLoop" time="0.000">
    <skipped/>
  </testcase> <!-- deleteAlarmLoop -->
  <testcase classname="dev_functions.AAA_testClass_delete" name="deleteAlarmTemplate" time="0.000">
    <skipped/>
  </testcase> <!-- deleteAlarmTemplate -->
  <testcase classname="dev_functions.AAA_testClass_delete" name="deleteCalendarEventCreatedByAttribute" time="0.001">
    <skipped/>
  </testcase> <!-- deleteCalendarEventCreatedByAttribute -->
  <testcase classname="dev_functions.AAA_testClass_delete" name="deleteVehicleUser" time="0.000">
    <skipped/>
  </testcase> <!-- deleteVehicleUser -->
  <testcase classname="dev_functions.AAA_testClass_delete" name="deleteTestAlarmFromList" time="0.000">
    <skipped/>
  </testcase> <!-- deleteTestAlarmFromList -->
  <testcase classname="dev_functions.AAA_testClass_delete" name="deleteCalendarEventCreatedByResource" time="0.000">
    <skipped/>
  </testcase> <!-- deleteCalendarEventCreatedByResource -->
  <testcase classname="dev_functions.AAA_testClass_delete" name="deleteTestAlarmFromOverview" time="0.000">
    <skipped/>
  </testcase> <!-- deleteTestAlarmFromOverview -->
  <testcase classname="dev_functions.AAA_testClass_delete" name="deletePermissionGroup" time="0.000">
    <skipped/>
  </testcase> <!-- deletePermissionGroup -->
  <testcase classname="dev_functions.AAA_testClass_delete" name="deleteResource" time="0.000">
    <skipped/>
  </testcase> <!-- deleteResource -->
  <system-out>
    <![CDATA[Hello, Live branch deleting process has started.
 
Hello, Live branch deleting process has started.-19.11.2024>11:44
 
 
live department user # bhupesh.dept_dev@atpl.in # log in sucessfully
 ]]>
  </system-out>
</testsuite> <!-- dev_functions.AAA_testClass_delete -->
